[2013-01-18 15:42:23] request.ERROR: Symfony\Component\HttpKernel\Exception\NotFoundHttpException: No route found for "GET /js/bootstrap.js" (uncaught exception) at /Applications/MAMP/htdocs/Colocall/vendor/symfony/symfony/src/Symfony/Component/HttpKernel/EventListener/RouterListener.php line 92 [] []
[2013-01-18 15:42:23] request.ERROR: Symfony\Component\HttpKernel\Exception\NotFoundHttpException: No route found for "GET /css/bootstrap.css" (uncaught exception) at /Applications/MAMP/htdocs/Colocall/vendor/symfony/symfony/src/Symfony/Component/HttpKernel/EventListener/RouterListener.php line 92 [] []
[2013-02-17 15:56:45] request.ERROR: Symfony\Component\HttpKernel\Exception\NotFoundHttpException: No route found for "GET /css/polices/Oswald-Regula.otf" (uncaught exception) at /Applications/MAMP/htdocs/colocall/vendor/symfony/symfony/src/Symfony/Component/HttpKernel/EventListener/RouterListener.php line 92 [] []
[2013-02-19 15:21:47] request.ERROR: Symfony\Component\HttpKernel\Exception\NotFoundHttpException: No route found for "GET /app_dev.php.home" (uncaught exception) at /Applications/MAMP/htdocs/colocall/vendor/symfony/symfony/src/Symfony/Component/HttpKernel/EventListener/RouterListener.php line 92 [] []
[2013-02-20 10:30:49] request.ERROR: Symfony\Component\HttpKernel\Exception\NotFoundHttpException: No route found for "GET /img/platforms.png" (uncaught exception) at /Applications/MAMP/htdocs/colocall/app/cache/prod/classes.php line 5121 [] []
[2013-02-20 10:30:49] request.ERROR: Symfony\Component\HttpKernel\Exception\NotFoundHttpException: No route found for "GET /img/ribbon1.png" (uncaught exception) at /Applications/MAMP/htdocs/colocall/app/cache/prod/classes.php line 5121 [] []
[2013-02-20 10:33:52] request.ERROR: Symfony\Component\HttpKernel\Exception\NotFoundHttpException: No route found for "GET /img/ribbon1.png" (uncaught exception) at /Applications/MAMP/htdocs/colocall/app/cache/prod/classes.php line 5121 [] []
[2013-02-20 10:33:52] request.ERROR: Symfony\Component\HttpKernel\Exception\NotFoundHttpException: No route found for "GET /img/platforms.png" (uncaught exception) at /Applications/MAMP/htdocs/colocall/app/cache/prod/classes.php line 5121 [] []
[2013-02-20 10:34:11] request.ERROR: Symfony\Component\HttpKernel\Exception\NotFoundHttpException: No route found for "GET /img/platforms.png" (uncaught exception) at /Applications/MAMP/htdocs/colocall/app/cache/prod/classes.php line 5121 [] []
[2013-02-20 10:34:11] request.ERROR: Symfony\Component\HttpKernel\Exception\NotFoundHttpException: No route found for "GET /img/ribbon1.png" (uncaught exception) at /Applications/MAMP/htdocs/colocall/app/cache/prod/classes.php line 5121 [] []
[2013-02-20 10:34:29] request.ERROR: Symfony\Component\HttpKernel\Exception\NotFoundHttpException: No route found for "GET /img/platforms.png" (uncaught exception) at /Applications/MAMP/htdocs/colocall/app/cache/prod/classes.php line 5121 [] []
[2013-02-20 10:34:29] request.ERROR: Symfony\Component\HttpKernel\Exception\NotFoundHttpException: No route found for "GET /img/ribbon1.png" (uncaught exception) at /Applications/MAMP/htdocs/colocall/app/cache/prod/classes.php line 5121 [] []
[2013-02-20 10:37:48] request.ERROR: Symfony\Component\HttpKernel\Exception\NotFoundHttpException: No route found for "GET /img/ribbon1.png" (uncaught exception) at /Applications/MAMP/htdocs/colocall/app/cache/prod/classes.php line 5121 [] []
[2013-02-20 10:41:40] request.ERROR: Symfony\Component\HttpKernel\Exception\NotFoundHttpException: No route found for "GET /img/ribbon1.png" (uncaught exception) at /Applications/MAMP/htdocs/colocall/app/cache/prod/classes.php line 5121 [] []
[2013-02-20 10:41:41] request.ERROR: Symfony\Component\HttpKernel\Exception\NotFoundHttpException: No route found for "GET /img/ribbon1.png" (uncaught exception) at /Applications/MAMP/htdocs/colocall/app/cache/prod/classes.php line 5121 [] []
[2013-02-20 10:41:48] request.ERROR: Symfony\Component\HttpKernel\Exception\NotFoundHttpException: No route found for "GET /img/ribbon1.png" (uncaught exception) at /Applications/MAMP/htdocs/colocall/app/cache/prod/classes.php line 5121 [] []
[2013-02-20 10:42:31] request.ERROR: Symfony\Component\HttpKernel\Exception\NotFoundHttpException: No route found for "GET /img/ribbon1.png" (uncaught exception) at /Applications/MAMP/htdocs/colocall/app/cache/prod/classes.php line 5121 [] []
[2013-02-20 10:42:52] request.ERROR: Symfony\Component\HttpKernel\Exception\NotFoundHttpException: No route found for "GET /img/ribbon1.png" (uncaught exception) at /Applications/MAMP/htdocs/colocall/app/cache/prod/classes.php line 5121 [] []
[2013-02-20 10:43:08] request.ERROR: Symfony\Component\HttpKernel\Exception\NotFoundHttpException: No route found for "GET /img/ribbon1.png" (uncaught exception) at /Applications/MAMP/htdocs/colocall/app/cache/prod/classes.php line 5121 [] []
[2013-02-20 10:43:33] request.ERROR: Symfony\Component\HttpKernel\Exception\NotFoundHttpException: No route found for "GET /img/ribbon1.png" (uncaught exception) at /Applications/MAMP/htdocs/colocall/app/cache/prod/classes.php line 5121 [] []
[2013-02-20 10:43:34] request.ERROR: Symfony\Component\HttpKernel\Exception\NotFoundHttpException: No route found for "GET /img/ribbon1.png" (uncaught exception) at /Applications/MAMP/htdocs/colocall/app/cache/prod/classes.php line 5121 [] []
[2013-02-20 10:43:51] request.ERROR: Symfony\Component\HttpKernel\Exception\NotFoundHttpException: No route found for "GET /img/ribbon1.png" (uncaught exception) at /Applications/MAMP/htdocs/colocall/app/cache/prod/classes.php line 5121 [] []
[2013-02-20 10:44:10] request.ERROR: Symfony\Component\HttpKernel\Exception\NotFoundHttpException: No route found for "GET /img/ribbon1.png" (uncaught exception) at /Applications/MAMP/htdocs/colocall/app/cache/prod/classes.php line 5121 [] []
[2013-02-20 10:44:20] request.ERROR: Symfony\Component\HttpKernel\Exception\NotFoundHttpException: No route found for "GET /img/ribbon1.png" (uncaught exception) at /Applications/MAMP/htdocs/colocall/app/cache/prod/classes.php line 5121 [] []
[2013-02-20 10:44:50] request.ERROR: Symfony\Component\HttpKernel\Exception\NotFoundHttpException: No route found for "GET /img/ribbon1.png" (uncaught exception) at /Applications/MAMP/htdocs/colocall/app/cache/prod/classes.php line 5121 [] []
[2013-02-20 10:44:57] request.ERROR: Symfony\Component\HttpKernel\Exception\NotFoundHttpException: No route found for "GET /img/ribbon1.png" (uncaught exception) at /Applications/MAMP/htdocs/colocall/app/cache/prod/classes.php line 5121 [] []
[2013-02-20 10:45:04] request.ERROR: Symfony\Component\HttpKernel\Exception\NotFoundHttpException: No route found for "GET /img/ribbon1.png" (uncaught exception) at /Applications/MAMP/htdocs/colocall/app/cache/prod/classes.php line 5121 [] []
[2013-02-20 10:45:12] request.ERROR: Symfony\Component\HttpKernel\Exception\NotFoundHttpException: No route found for "GET /img/ribbon1.png" (uncaught exception) at /Applications/MAMP/htdocs/colocall/app/cache/prod/classes.php line 5121 [] []
[2013-02-20 10:45:26] request.ERROR: Symfony\Component\HttpKernel\Exception\NotFoundHttpException: No route found for "GET /img/ribbon1.png" (uncaught exception) at /Applications/MAMP/htdocs/colocall/app/cache/prod/classes.php line 5121 [] []
[2013-02-20 10:45:54] request.ERROR: Symfony\Component\HttpKernel\Exception\NotFoundHttpException: No route found for "GET /img/ribbon1.png" (uncaught exception) at /Applications/MAMP/htdocs/colocall/app/cache/prod/classes.php line 5121 [] []
[2013-02-20 10:46:21] request.ERROR: Symfony\Component\HttpKernel\Exception\NotFoundHttpException: No route found for "GET /img/ribbon1.png" (uncaught exception) at /Applications/MAMP/htdocs/colocall/app/cache/prod/classes.php line 5121 [] []
[2013-02-20 10:46:52] request.ERROR: Symfony\Component\HttpKernel\Exception\NotFoundHttpException: No route found for "GET /img/ribbon1.png" (uncaught exception) at /Applications/MAMP/htdocs/colocall/app/cache/prod/classes.php line 5121 [] []
[2013-02-20 10:47:01] request.ERROR: Symfony\Component\HttpKernel\Exception\NotFoundHttpException: No route found for "GET /img/ribbon1.png" (uncaught exception) at /Applications/MAMP/htdocs/colocall/app/cache/prod/classes.php line 5121 [] []
[2013-02-20 10:47:11] request.ERROR: Symfony\Component\HttpKernel\Exception\NotFoundHttpException: No route found for "GET /img/ribbon1.png" (uncaught exception) at /Applications/MAMP/htdocs/colocall/app/cache/prod/classes.php line 5121 [] []
[2013-02-20 10:47:22] request.ERROR: Symfony\Component\HttpKernel\Exception\NotFoundHttpException: No route found for "GET /img/ribbon1.png" (uncaught exception) at /Applications/MAMP/htdocs/colocall/app/cache/prod/classes.php line 5121 [] []
[2013-02-20 10:47:29] request.ERROR: Symfony\Component\HttpKernel\Exception\NotFoundHttpException: No route found for "GET /img/ribbon1.png" (uncaught exception) at /Applications/MAMP/htdocs/colocall/app/cache/prod/classes.php line 5121 [] []
[2013-02-20 10:47:39] request.ERROR: Symfony\Component\HttpKernel\Exception\NotFoundHttpException: No route found for "GET /img/ribbon1.png" (uncaught exception) at /Applications/MAMP/htdocs/colocall/app/cache/prod/classes.php line 5121 [] []
[2013-02-20 10:47:51] request.ERROR: Symfony\Component\HttpKernel\Exception\NotFoundHttpException: No route found for "GET /img/ribbon1.png" (uncaught exception) at /Applications/MAMP/htdocs/colocall/app/cache/prod/classes.php line 5121 [] []
[2013-02-20 10:48:51] request.ERROR: Symfony\Component\HttpKernel\Exception\NotFoundHttpException: No route found for "GET /img/ribbon1.png" (uncaught exception) at /Applications/MAMP/htdocs/colocall/app/cache/prod/classes.php line 5121 [] []
[2013-02-20 10:50:04] request.ERROR: Symfony\Component\HttpKernel\Exception\NotFoundHttpException: No route found for "GET /img/ribbon1.png" (uncaught exception) at /Applications/MAMP/htdocs/colocall/app/cache/prod/classes.php line 5121 [] []
[2013-02-20 10:50:15] request.ERROR: Symfony\Component\HttpKernel\Exception\NotFoundHttpException: No route found for "GET /img/ribbon1.png" (uncaught exception) at /Applications/MAMP/htdocs/colocall/app/cache/prod/classes.php line 5121 [] []
[2013-02-20 10:51:32] request.ERROR: Symfony\Component\HttpKernel\Exception\NotFoundHttpException: No route found for "GET /img/ribbon1.png" (uncaught exception) at /Applications/MAMP/htdocs/colocall/app/cache/prod/classes.php line 5121 [] []
[2013-02-20 10:51:32] request.ERROR: Symfony\Component\HttpKernel\Exception\NotFoundHttpException: No route found for "GET /img/visitor_homepage/Carousel/Carousel-blackboard.png" (uncaught exception) at /Applications/MAMP/htdocs/colocall/app/cache/prod/classes.php line 5121 [] []
[2013-02-20 10:53:05] request.ERROR: Symfony\Component\HttpKernel\Exception\NotFoundHttpException: No route found for "GET /img/ribbon1.png" (uncaught exception) at /Applications/MAMP/htdocs/colocall/app/cache/prod/classes.php line 5121 [] []
[2013-02-20 10:54:08] request.ERROR: Symfony\Component\HttpKernel\Exception\NotFoundHttpException: No route found for "GET /img/ribbon1.png" (uncaught exception) at /Applications/MAMP/htdocs/colocall/app/cache/prod/classes.php line 5121 [] []
[2013-02-20 10:54:21] request.ERROR: Symfony\Component\HttpKernel\Exception\NotFoundHttpException: No route found for "GET /img/ribbon1.png" (uncaught exception) at /Applications/MAMP/htdocs/colocall/app/cache/prod/classes.php line 5121 [] []
[2013-02-20 10:54:27] request.ERROR: Symfony\Component\HttpKernel\Exception\NotFoundHttpException: No route found for "GET /img/ribbon1.png" (uncaught exception) at /Applications/MAMP/htdocs/colocall/app/cache/prod/classes.php line 5121 [] []
[2013-02-20 10:55:12] request.ERROR: Symfony\Component\HttpKernel\Exception\NotFoundHttpException: No route found for "GET /img/ribbon1.png" (uncaught exception) at /Applications/MAMP/htdocs/colocall/app/cache/prod/classes.php line 5121 [] []
[2013-02-20 10:56:52] request.ERROR: Symfony\Component\HttpKernel\Exception\NotFoundHttpException: No route found for "GET /img/ribbon1.png" (uncaught exception) at /Applications/MAMP/htdocs/colocall/app/cache/prod/classes.php line 5121 [] []
[2013-02-20 10:57:35] request.ERROR: Symfony\Component\HttpKernel\Exception\NotFoundHttpException: No route found for "GET /img/ribbon1.png" (uncaught exception) at /Applications/MAMP/htdocs/colocall/app/cache/prod/classes.php line 5121 [] []
[2013-02-20 10:58:06] request.ERROR: Symfony\Component\HttpKernel\Exception\NotFoundHttpException: No route found for "GET /img/ribbon1.png" (uncaught exception) at /Applications/MAMP/htdocs/colocall/app/cache/prod/classes.php line 5121 [] []
[2013-02-20 10:59:07] request.ERROR: Symfony\Component\HttpKernel\Exception\NotFoundHttpException: No route found for "GET /img/ribbon1.png" (uncaught exception) at /Applications/MAMP/htdocs/colocall/app/cache/prod/classes.php line 5121 [] []
[2013-02-20 10:59:50] request.ERROR: Symfony\Component\HttpKernel\Exception\NotFoundHttpException: No route found for "GET /img/ribbon1.png" (uncaught exception) at /Applications/MAMP/htdocs/colocall/app/cache/prod/classes.php line 5121 [] []
[2013-02-20 11:01:13] request.ERROR: Symfony\Component\HttpKernel\Exception\NotFoundHttpException: No route found for "GET /img/ribbon1.png" (uncaught exception) at /Applications/MAMP/htdocs/colocall/app/cache/prod/classes.php line 5121 [] []
[2013-02-20 11:01:48] request.ERROR: Symfony\Component\HttpKernel\Exception\NotFoundHttpException: No route found for "GET /img/ribbon1.png" (uncaught exception) at /Applications/MAMP/htdocs/colocall/app/cache/prod/classes.php line 5121 [] []
[2013-02-20 11:02:04] request.ERROR: Symfony\Component\HttpKernel\Exception\NotFoundHttpException: No route found for "GET /img/ribbon1.png" (uncaught exception) at /Applications/MAMP/htdocs/colocall/app/cache/prod/classes.php line 5121 [] []
[2013-02-20 11:02:51] request.ERROR: Symfony\Component\HttpKernel\Exception\NotFoundHttpException: No route found for "GET /img/ribbon1.png" (uncaught exception) at /Applications/MAMP/htdocs/colocall/app/cache/prod/classes.php line 5121 [] []
[2013-02-20 11:03:15] request.ERROR: Symfony\Component\HttpKernel\Exception\NotFoundHttpException: No route found for "GET /img/ribbon1.png" (uncaught exception) at /Applications/MAMP/htdocs/colocall/app/cache/prod/classes.php line 5121 [] []
[2013-02-20 11:03:41] request.ERROR: Symfony\Component\HttpKernel\Exception\NotFoundHttpException: No route found for "GET /img/ribbon1.png" (uncaught exception) at /Applications/MAMP/htdocs/colocall/app/cache/prod/classes.php line 5121 [] []
[2013-02-20 11:03:50] request.ERROR: Symfony\Component\HttpKernel\Exception\NotFoundHttpException: No route found for "GET /img/ribbon1.png" (uncaught exception) at /Applications/MAMP/htdocs/colocall/app/cache/prod/classes.php line 5121 [] []
[2013-02-20 11:04:35] request.ERROR: Symfony\Component\HttpKernel\Exception\NotFoundHttpException: No route found for "GET /img/ribbon1.png" (uncaught exception) at /Applications/MAMP/htdocs/colocall/app/cache/prod/classes.php line 5121 [] []
[2013-02-20 11:05:01] request.ERROR: Symfony\Component\HttpKernel\Exception\NotFoundHttpException: No route found for "GET /img/ribbon1.png" (uncaught exception) at /Applications/MAMP/htdocs/colocall/app/cache/prod/classes.php line 5121 [] []
[2013-02-20 11:05:17] request.ERROR: Symfony\Component\HttpKernel\Exception\NotFoundHttpException: No route found for "GET /img/ribbon1.png" (uncaught exception) at /Applications/MAMP/htdocs/colocall/app/cache/prod/classes.php line 5121 [] []
[2013-02-20 11:06:28] request.ERROR: Symfony\Component\HttpKernel\Exception\NotFoundHttpException: No route found for "GET /img/ribbon1.png" (uncaught exception) at /Applications/MAMP/htdocs/colocall/app/cache/prod/classes.php line 5121 [] []
[2013-02-20 11:06:46] request.ERROR: Symfony\Component\HttpKernel\Exception\NotFoundHttpException: No route found for "GET /img/ribbon1.png" (uncaught exception) at /Applications/MAMP/htdocs/colocall/app/cache/prod/classes.php line 5121 [] []
[2013-02-20 11:07:03] request.ERROR: Symfony\Component\HttpKernel\Exception\NotFoundHttpException: No route found for "GET /img/ribbon1.png" (uncaught exception) at /Applications/MAMP/htdocs/colocall/app/cache/prod/classes.php line 5121 [] []
[2013-02-20 11:10:13] request.ERROR: Symfony\Component\HttpKernel\Exception\NotFoundHttpException: No route found for "GET /img/ribbon1.png" (uncaught exception) at /Applications/MAMP/htdocs/colocall/app/cache/prod/classes.php line 5121 [] []
[2013-02-20 11:10:18] request.ERROR: Symfony\Component\HttpKernel\Exception\NotFoundHttpException: No route found for "GET /img/ribbon1.png" (uncaught exception) at /Applications/MAMP/htdocs/colocall/app/cache/prod/classes.php line 5121 [] []
[2013-02-22 16:28:50] request.ERROR: Symfony\Component\HttpKernel\Exception\NotFoundHttpException: No route found for "GET /img/visitor_homepage/orange-ribbon-with-frange.jpg" (uncaught exception) at /Applications/MAMP/htdocs/colocall/vendor/symfony/symfony/src/Symfony/Component/HttpKernel/EventListener/RouterListener.php line 92 [] []
[2013-02-22 16:31:01] request.ERROR: Symfony\Component\HttpKernel\Exception\NotFoundHttpException: No route found for "GET /img/visitor_homepage/orange-ribbon-with-frange.png" (uncaught exception) at /Applications/MAMP/htdocs/colocall/vendor/symfony/symfony/src/Symfony/Component/HttpKernel/EventListener/RouterListener.php line 92 [] []
[2013-02-22 16:38:17] request.ERROR: Symfony\Component\HttpKernel\Exception\NotFoundHttpException: No route found for "GET /css/writing_pad.png" (uncaught exception) at /Applications/MAMP/htdocs/colocall/app/cache/prod/classes.php line 5121 [] []
[2013-02-22 16:38:29] request.ERROR: Symfony\Component\HttpKernel\Exception\NotFoundHttpException: No route found for "GET /css/writing_pad.png" (uncaught exception) at /Applications/MAMP/htdocs/colocall/app/cache/prod/classes.php line 5121 [] []
[2013-02-24 18:07:03] request.ERROR: Symfony\Component\HttpKernel\Exception\NotFoundHttpException: No route found for "GET /img/Profile_Jules.png" (uncaught exception) at /Applications/MAMP/htdocs/colocall/vendor/symfony/symfony/src/Symfony/Component/HttpKernel/EventListener/RouterListener.php line 92 [] []
[2013-02-24 18:07:10] request.ERROR: Symfony\Component\HttpKernel\Exception\NotFoundHttpException: No route found for "GET /img/Profile_Jules.png" (uncaught exception) at /Applications/MAMP/htdocs/colocall/vendor/symfony/symfony/src/Symfony/Component/HttpKernel/EventListener/RouterListener.php line 92 [] []
[2013-02-24 18:07:12] request.ERROR: Symfony\Component\HttpKernel\Exception\NotFoundHttpException: No route found for "GET /img/Profile_Jules.png" (uncaught exception) at /Applications/MAMP/htdocs/colocall/app/cache/prod/classes.php line 5121 [] []
[2013-03-04 12:44:59] request.ERROR: Symfony\Component\HttpKernel\Exception\NotFoundHttpException: No route found for "GET /img/dashboard/expense-post_upper.png" (uncaught exception) at /Applications/MAMP/htdocs/Colocall/vendor/symfony/symfony/src/Symfony/Component/HttpKernel/EventListener/RouterListener.php line 92 [] []
[2013-03-04 12:45:45] request.ERROR: Symfony\Component\HttpKernel\Exception\NotFoundHttpException: No route found for "GET /img/dashboard/expense-post_upper.png" (uncaught exception) at /Applications/MAMP/htdocs/Colocall/vendor/symfony/symfony/src/Symfony/Component/HttpKernel/EventListener/RouterListener.php line 92 [] []
[2013-03-04 12:45:45] request.ERROR: Symfony\Component\HttpKernel\Exception\NotFoundHttpException: No route found for "GET /img/dashboard/expense-post_middle.png" (uncaught exception) at /Applications/MAMP/htdocs/Colocall/vendor/symfony/symfony/src/Symfony/Component/HttpKernel/EventListener/RouterListener.php line 92 [] []
[2013-03-04 12:45:45] request.ERROR: Symfony\Component\HttpKernel\Exception\NotFoundHttpException: No route found for "GET /img/dashboard/expense-post_lower.png" (uncaught exception) at /Applications/MAMP/htdocs/Colocall/vendor/symfony/symfony/src/Symfony/Component/HttpKernel/EventListener/RouterListener.php line 92 [] []
[2013-03-04 12:46:03] request.ERROR: Symfony\Component\HttpKernel\Exception\NotFoundHttpException: No route found for "GET /img/dashboard/expense-post_lower.png" (uncaught exception) at /Applications/MAMP/htdocs/Colocall/app/cache/prod/classes.php line 5121 [] []
[2013-03-04 14:16:38] request.ERROR: Symfony\Component\HttpKernel\Exception\NotFoundHttpException: No route found for "GET /img/dashboard/todo-post-middle.png" (uncaught exception) at /Applications/MAMP/htdocs/Colocall/app/cache/prod/classes.php line 5121 [] []
